0 info it worked if it ends with ok
1 verbose cli [ 'C:\\Program Files (x86)\\nodejs\\\\node.exe',
1 verbose cli   'C:\\Program Files (x86)\\nodejs\\node_modules\\npm\\bin\\npm-cli.js',
1 verbose cli   'install' ]
2 info using npm@1.4.28
3 info using node@v0.10.33
4 verbose node symlink C:\Program Files (x86)\nodejs\\node.exe
5 warn package.json TMS@1.0.0 No repository field.
6 verbose readDependencies using package.json deps
7 verbose install where, deps [ 'C:\\Users\\Anton\\Documents\\GitHub\\tSearch',
7 verbose install   [ 'fs',
7 verbose install     'crypto',
7 verbose install     'unzip',
7 verbose install     'grunt',
7 verbose install     'grunt-contrib-copy',
7 verbose install     'grunt-contrib-clean',
7 verbose install     'grunt-json-format',
7 verbose install     'grunt-exec',
7 verbose install     'grunt-contrib-compress' ] ]
8 info preinstall TMS@1.0.0
9 verbose readDependencies using package.json deps
10 verbose cache add [ 'fs@^0.0.2', null ]
11 verbose cache add name=undefined spec="fs@^0.0.2" args=["fs@^0.0.2",null]
12 verbose parsed url { protocol: null,
12 verbose parsed url   slashes: null,
12 verbose parsed url   auth: null,
12 verbose parsed url   host: null,
12 verbose parsed url   port: null,
12 verbose parsed url   hostname: null,
12 verbose parsed url   hash: null,
12 verbose parsed url   search: null,
12 verbose parsed url   query: null,
12 verbose parsed url   pathname: 'fs@^0.0.2',
12 verbose parsed url   path: 'fs@^0.0.2',
12 verbose parsed url   href: 'fs@^0.0.2' }
13 verbose cache add [ 'crypto@^0.0.3', null ]
14 verbose cache add name=undefined spec="crypto@^0.0.3" args=["crypto@^0.0.3",null]
15 verbose parsed url { protocol: null,
15 verbose parsed url   slashes: null,
15 verbose parsed url   auth: null,
15 verbose parsed url   host: null,
15 verbose parsed url   port: null,
15 verbose parsed url   hostname: null,
15 verbose parsed url   hash: null,
15 verbose parsed url   search: null,
15 verbose parsed url   query: null,
15 verbose parsed url   pathname: 'crypto@^0.0.3',
15 verbose parsed url   path: 'crypto@^0.0.3',
15 verbose parsed url   href: 'crypto@^0.0.3' }
16 verbose cache add [ 'unzip@^0.1.11', null ]
17 verbose cache add name=undefined spec="unzip@^0.1.11" args=["unzip@^0.1.11",null]
18 verbose parsed url { protocol: null,
18 verbose parsed url   slashes: null,
18 verbose parsed url   auth: null,
18 verbose parsed url   host: null,
18 verbose parsed url   port: null,
18 verbose parsed url   hostname: null,
18 verbose parsed url   hash: null,
18 verbose parsed url   search: null,
18 verbose parsed url   query: null,
18 verbose parsed url   pathname: 'unzip@^0.1.11',
18 verbose parsed url   path: 'unzip@^0.1.11',
18 verbose parsed url   href: 'unzip@^0.1.11' }
19 verbose cache add [ 'grunt@>=0.4.5', null ]
20 verbose cache add name=undefined spec="grunt@>=0.4.5" args=["grunt@>=0.4.5",null]
21 verbose parsed url { protocol: null,
21 verbose parsed url   slashes: null,
21 verbose parsed url   auth: null,
21 verbose parsed url   host: null,
21 verbose parsed url   port: null,
21 verbose parsed url   hostname: null,
21 verbose parsed url   hash: null,
21 verbose parsed url   search: null,
21 verbose parsed url   query: null,
21 verbose parsed url   pathname: 'grunt@%3E=0.4.5',
21 verbose parsed url   path: 'grunt@%3E=0.4.5',
21 verbose parsed url   href: 'grunt@%3E=0.4.5' }
22 verbose cache add [ 'grunt-contrib-copy@^0.7.0', null ]
23 verbose cache add name=undefined spec="grunt-contrib-copy@^0.7.0" args=["grunt-contrib-copy@^0.7.0",null]
24 verbose parsed url { protocol: null,
24 verbose parsed url   slashes: null,
24 verbose parsed url   auth: null,
24 verbose parsed url   host: null,
24 verbose parsed url   port: null,
24 verbose parsed url   hostname: null,
24 verbose parsed url   hash: null,
24 verbose parsed url   search: null,
24 verbose parsed url   query: null,
24 verbose parsed url   pathname: 'grunt-contrib-copy@^0.7.0',
24 verbose parsed url   path: 'grunt-contrib-copy@^0.7.0',
24 verbose parsed url   href: 'grunt-contrib-copy@^0.7.0' }
25 verbose cache add [ 'grunt-contrib-clean@^.6.0', null ]
26 verbose cache add name=undefined spec="grunt-contrib-clean@^.6.0" args=["grunt-contrib-clean@^.6.0",null]
27 verbose parsed url { protocol: null,
27 verbose parsed url   slashes: null,
27 verbose parsed url   auth: null,
27 verbose parsed url   host: null,
27 verbose parsed url   port: null,
27 verbose parsed url   hostname: null,
27 verbose parsed url   hash: null,
27 verbose parsed url   search: null,
27 verbose parsed url   query: null,
27 verbose parsed url   pathname: 'grunt-contrib-clean@^.6.0',
27 verbose parsed url   path: 'grunt-contrib-clean@^.6.0',
27 verbose parsed url   href: 'grunt-contrib-clean@^.6.0' }
28 verbose cache add [ 'grunt-json-format@^1.0.0', null ]
29 verbose cache add name=undefined spec="grunt-json-format@^1.0.0" args=["grunt-json-format@^1.0.0",null]
30 verbose parsed url { protocol: null,
30 verbose parsed url   slashes: null,
30 verbose parsed url   auth: null,
30 verbose parsed url   host: null,
30 verbose parsed url   port: null,
30 verbose parsed url   hostname: null,
30 verbose parsed url   hash: null,
30 verbose parsed url   search: null,
30 verbose parsed url   query: null,
30 verbose parsed url   pathname: 'grunt-json-format@^1.0.0',
30 verbose parsed url   path: 'grunt-json-format@^1.0.0',
30 verbose parsed url   href: 'grunt-json-format@^1.0.0' }
31 verbose cache add [ 'grunt-exec@^0.4.6', null ]
32 verbose cache add name=undefined spec="grunt-exec@^0.4.6" args=["grunt-exec@^0.4.6",null]
33 verbose parsed url { protocol: null,
33 verbose parsed url   slashes: null,
33 verbose parsed url   auth: null,
33 verbose parsed url   host: null,
33 verbose parsed url   port: null,
33 verbose parsed url   hostname: null,
33 verbose parsed url   hash: null,
33 verbose parsed url   search: null,
33 verbose parsed url   query: null,
33 verbose parsed url   pathname: 'grunt-exec@^0.4.6',
33 verbose parsed url   path: 'grunt-exec@^0.4.6',
33 verbose parsed url   href: 'grunt-exec@^0.4.6' }
34 verbose cache add [ 'grunt-contrib-compress@^0.13.0', null ]
35 verbose cache add name=undefined spec="grunt-contrib-compress@^0.13.0" args=["grunt-contrib-compress@^0.13.0",null]
36 verbose parsed url { protocol: null,
36 verbose parsed url   slashes: null,
36 verbose parsed url   auth: null,
36 verbose parsed url   host: null,
36 verbose parsed url   port: null,
36 verbose parsed url   hostname: null,
36 verbose parsed url   hash: null,
36 verbose parsed url   search: null,
36 verbose parsed url   query: null,
36 verbose parsed url   pathname: 'grunt-contrib-compress@^0.13.0',
36 verbose parsed url   path: 'grunt-contrib-compress@^0.13.0',
36 verbose parsed url   href: 'grunt-contrib-compress@^0.13.0' }
37 verbose cache add name="fs" spec="^0.0.2" args=["fs","^0.0.2"]
38 verbose parsed url { protocol: null,
38 verbose parsed url   slashes: null,
38 verbose parsed url   auth: null,
38 verbose parsed url   host: null,
38 verbose parsed url   port: null,
38 verbose parsed url   hostname: null,
38 verbose parsed url   hash: null,
38 verbose parsed url   search: null,
38 verbose parsed url   query: null,
38 verbose parsed url   pathname: '^0.0.2',
38 verbose parsed url   path: '^0.0.2',
38 verbose parsed url   href: '^0.0.2' }
39 verbose addNamed [ 'fs', '^0.0.2' ]
40 verbose addNamed [ null, '=0.0.2' ]
41 verbose cache add name="crypto" spec="^0.0.3" args=["crypto","^0.0.3"]
42 verbose parsed url { protocol: null,
42 verbose parsed url   slashes: null,
42 verbose parsed url   auth: null,
42 verbose parsed url   host: null,
42 verbose parsed url   port: null,
42 verbose parsed url   hostname: null,
42 verbose parsed url   hash: null,
42 verbose parsed url   search: null,
42 verbose parsed url   query: null,
42 verbose parsed url   pathname: '^0.0.3',
42 verbose parsed url   path: '^0.0.3',
42 verbose parsed url   href: '^0.0.3' }
43 verbose addNamed [ 'crypto', '^0.0.3' ]
44 verbose addNamed [ null, '=0.0.3' ]
45 verbose cache add name="unzip" spec="^0.1.11" args=["unzip","^0.1.11"]
46 verbose parsed url { protocol: null,
46 verbose parsed url   slashes: null,
46 verbose parsed url   auth: null,
46 verbose parsed url   host: null,
46 verbose parsed url   port: null,
46 verbose parsed url   hostname: null,
46 verbose parsed url   hash: null,
46 verbose parsed url   search: null,
46 verbose parsed url   query: null,
46 verbose parsed url   pathname: '^0.1.11',
46 verbose parsed url   path: '^0.1.11',
46 verbose parsed url   href: '^0.1.11' }
47 verbose addNamed [ 'unzip', '^0.1.11' ]
48 verbose addNamed [ null, '>=0.1.11-0 <0.2.0-0' ]
49 verbose cache add name="grunt" spec=">=0.4.5" args=["grunt",">=0.4.5"]
50 verbose parsed url { protocol: null,
50 verbose parsed url   slashes: null,
50 verbose parsed url   auth: null,
50 verbose parsed url   host: null,
50 verbose parsed url   port: null,
50 verbose parsed url   hostname: null,
50 verbose parsed url   hash: null,
50 verbose parsed url   search: null,
50 verbose parsed url   query: null,
50 verbose parsed url   pathname: '%3E=0.4.5',
50 verbose parsed url   path: '%3E=0.4.5',
50 verbose parsed url   href: '%3E=0.4.5' }
51 verbose addNamed [ 'grunt', '>=0.4.5' ]
52 verbose addNamed [ null, '>=0.4.5' ]
53 verbose cache add name="grunt-contrib-copy" spec="^0.7.0" args=["grunt-contrib-copy","^0.7.0"]
54 verbose parsed url { protocol: null,
54 verbose parsed url   slashes: null,
54 verbose parsed url   auth: null,
54 verbose parsed url   host: null,
54 verbose parsed url   port: null,
54 verbose parsed url   hostname: null,
54 verbose parsed url   hash: null,
54 verbose parsed url   search: null,
54 verbose parsed url   query: null,
54 verbose parsed url   pathname: '^0.7.0',
54 verbose parsed url   path: '^0.7.0',
54 verbose parsed url   href: '^0.7.0' }
55 verbose addNamed [ 'grunt-contrib-copy', '^0.7.0' ]
56 verbose addNamed [ null, '>=0.7.0-0 <0.8.0-0' ]
57 verbose cache add name="grunt-contrib-clean" spec="^.6.0" args=["grunt-contrib-clean","^.6.0"]
58 verbose parsed url { protocol: null,
58 verbose parsed url   slashes: null,
58 verbose parsed url   auth: null,
58 verbose parsed url   host: null,
58 verbose parsed url   port: null,
58 verbose parsed url   hostname: null,
58 verbose parsed url   hash: null,
58 verbose parsed url   search: null,
58 verbose parsed url   query: null,
58 verbose parsed url   pathname: '^.6.0',
58 verbose parsed url   path: '^.6.0',
58 verbose parsed url   href: '^.6.0' }
59 verbose addNamed [ 'grunt-contrib-clean', '^.6.0' ]
60 verbose addNamed [ null, null ]
61 verbose cache add name="grunt-json-format" spec="^1.0.0" args=["grunt-json-format","^1.0.0"]
62 verbose parsed url { protocol: null,
62 verbose parsed url   slashes: null,
62 verbose parsed url   auth: null,
62 verbose parsed url   host: null,
62 verbose parsed url   port: null,
62 verbose parsed url   hostname: null,
62 verbose parsed url   hash: null,
62 verbose parsed url   search: null,
62 verbose parsed url   query: null,
62 verbose parsed url   pathname: '^1.0.0',
62 verbose parsed url   path: '^1.0.0',
62 verbose parsed url   href: '^1.0.0' }
63 verbose addNamed [ 'grunt-json-format', '^1.0.0' ]
64 verbose addNamed [ null, '>=1.0.0-0 <2.0.0-0' ]
65 verbose cache add name="grunt-exec" spec="^0.4.6" args=["grunt-exec","^0.4.6"]
66 verbose parsed url { protocol: null,
66 verbose parsed url   slashes: null,
66 verbose parsed url   auth: null,
66 verbose parsed url   host: null,
66 verbose parsed url   port: null,
66 verbose parsed url   hostname: null,
66 verbose parsed url   hash: null,
66 verbose parsed url   search: null,
66 verbose parsed url   query: null,
66 verbose parsed url   pathname: '^0.4.6',
66 verbose parsed url   path: '^0.4.6',
66 verbose parsed url   href: '^0.4.6' }
67 verbose addNamed [ 'grunt-exec', '^0.4.6' ]
68 verbose addNamed [ null, '>=0.4.6-0 <0.5.0-0' ]
69 verbose cache add name="grunt-contrib-compress" spec="^0.13.0" args=["grunt-contrib-compress","^0.13.0"]
70 verbose parsed url { protocol: null,
70 verbose parsed url   slashes: null,
70 verbose parsed url   auth: null,
70 verbose parsed url   host: null,
70 verbose parsed url   port: null,
70 verbose parsed url   hostname: null,
70 verbose parsed url   hash: null,
70 verbose parsed url   search: null,
70 verbose parsed url   query: null,
70 verbose parsed url   pathname: '^0.13.0',
70 verbose parsed url   path: '^0.13.0',
70 verbose parsed url   href: '^0.13.0' }
71 verbose addNamed [ 'grunt-contrib-compress', '^0.13.0' ]
72 verbose addNamed [ null, '>=0.13.0-0 <0.14.0-0' ]
73 silly lockFile 04e1dee2-fs-0-0-2 fs@^0.0.2
74 verbose lock fs@^0.0.2 C:\Users\Anton\AppData\Roaming\npm-cache\04e1dee2-fs-0-0-2.lock
75 silly lockFile 67841cdc-crypto-0-0-3 crypto@^0.0.3
76 verbose lock crypto@^0.0.3 C:\Users\Anton\AppData\Roaming\npm-cache\67841cdc-crypto-0-0-3.lock
77 silly lockFile 2a2f08c6-unzip-0-1-11 unzip@^0.1.11
78 verbose lock unzip@^0.1.11 C:\Users\Anton\AppData\Roaming\npm-cache\2a2f08c6-unzip-0-1-11.lock
79 silly lockFile 21ed778b-grunt-0-4-5 grunt@>=0.4.5
80 verbose lock grunt@>=0.4.5 C:\Users\Anton\AppData\Roaming\npm-cache\21ed778b-grunt-0-4-5.lock
81 silly lockFile 359d66a1-grunt-contrib-copy-0-7-0 grunt-contrib-copy@^0.7.0
82 verbose lock grunt-contrib-copy@^0.7.0 C:\Users\Anton\AppData\Roaming\npm-cache\359d66a1-grunt-contrib-copy-0-7-0.lock
83 silly lockFile 7fb55f75-grunt-contrib-clean-6-0 grunt-contrib-clean@^.6.0
84 verbose lock grunt-contrib-clean@^.6.0 C:\Users\Anton\AppData\Roaming\npm-cache\7fb55f75-grunt-contrib-clean-6-0.lock
85 silly lockFile e23a8fa7-grunt-json-format-1-0-0 grunt-json-format@^1.0.0
86 verbose lock grunt-json-format@^1.0.0 C:\Users\Anton\AppData\Roaming\npm-cache\e23a8fa7-grunt-json-format-1-0-0.lock
87 silly lockFile 90cf71c1-grunt-exec-0-4-6 grunt-exec@^0.4.6
88 verbose lock grunt-exec@^0.4.6 C:\Users\Anton\AppData\Roaming\npm-cache\90cf71c1-grunt-exec-0-4-6.lock
89 silly lockFile b45d4220-grunt-contrib-compress-0-13-0 grunt-contrib-compress@^0.13.0
90 verbose lock grunt-contrib-compress@^0.13.0 C:\Users\Anton\AppData\Roaming\npm-cache\b45d4220-grunt-contrib-compress-0-13-0.lock
91 silly addNameRange { name: 'unzip', range: '>=0.1.11-0 <0.2.0-0', hasData: false }
92 silly addNameRange { name: 'fs', range: '=0.0.2', hasData: false }
93 silly addNameRange { name: 'crypto', range: '=0.0.3', hasData: false }
94 silly addNameRange { name: 'grunt', range: '>=0.4.5', hasData: false }
95 info addNameTag [ 'grunt-contrib-clean', '^.6.0' ]
96 silly addNameRange { name: 'grunt-json-format',
96 silly addNameRange   range: '>=1.0.0-0 <2.0.0-0',
96 silly addNameRange   hasData: false }
97 silly addNameRange { name: 'grunt-exec',
97 silly addNameRange   range: '>=0.4.6-0 <0.5.0-0',
97 silly addNameRange   hasData: false }
98 silly addNameRange { name: 'grunt-contrib-copy',
98 silly addNameRange   range: '>=0.7.0-0 <0.8.0-0',
98 silly addNameRange   hasData: false }
99 silly addNameRange { name: 'grunt-contrib-compress',
99 silly addNameRange   range: '>=0.13.0-0 <0.14.0-0',
99 silly addNameRange   hasData: false }
100 verbose request where is /fs
101 verbose request registry https://registry.npmjs.org/
102 verbose request id 5aa84eb5650957a1
103 verbose url raw /fs
104 verbose url resolving [ 'https://registry.npmjs.org/', './fs' ]
105 verbose url resolved https://registry.npmjs.org/fs
106 verbose request where is https://registry.npmjs.org/fs
107 info trying registry request attempt 1 at 11:09:21
108 verbose etag "AK2S2YF9S50J227DAKLPQ9TIZ"
109 http GET https://registry.npmjs.org/fs
110 verbose request where is /unzip
111 verbose request registry https://registry.npmjs.org/
112 verbose url raw /unzip
113 verbose url resolving [ 'https://registry.npmjs.org/', './unzip' ]
114 verbose url resolved https://registry.npmjs.org/unzip
115 verbose request where is https://registry.npmjs.org/unzip
116 info trying registry request attempt 1 at 11:09:21
117 verbose etag "CSCCF6TAJCT2EHV1YVPC00PDB"
118 http GET https://registry.npmjs.org/unzip
119 verbose request where is /crypto
120 verbose request registry https://registry.npmjs.org/
121 verbose url raw /crypto
122 verbose url resolving [ 'https://registry.npmjs.org/', './crypto' ]
123 verbose url resolved https://registry.npmjs.org/crypto
124 verbose request where is https://registry.npmjs.org/crypto
125 info trying registry request attempt 1 at 11:09:21
126 verbose etag "1UUTFYXT9ZDYNTOJ5LLD14V8I"
127 http GET https://registry.npmjs.org/crypto
128 verbose request where is /grunt-contrib-clean
129 verbose request registry https://registry.npmjs.org/
130 verbose url raw /grunt-contrib-clean
131 verbose url resolving [ 'https://registry.npmjs.org/', './grunt-contrib-clean' ]
132 verbose url resolved https://registry.npmjs.org/grunt-contrib-clean
133 verbose request where is https://registry.npmjs.org/grunt-contrib-clean
134 info trying registry request attempt 1 at 11:09:21
135 verbose etag "3ISDSZB4M4MDDWP3Z8MFDIG96"
136 http GET https://registry.npmjs.org/grunt-contrib-clean
137 verbose request where is /grunt-json-format
138 verbose request registry https://registry.npmjs.org/
139 verbose url raw /grunt-json-format
140 verbose url resolving [ 'https://registry.npmjs.org/', './grunt-json-format' ]
141 verbose url resolved https://registry.npmjs.org/grunt-json-format
142 verbose request where is https://registry.npmjs.org/grunt-json-format
143 info trying registry request attempt 1 at 11:09:21
144 verbose etag "2D0BPTW6IQCY4BODHETJUX7XJ"
145 http GET https://registry.npmjs.org/grunt-json-format
146 verbose request where is /grunt
147 verbose request registry https://registry.npmjs.org/
148 verbose url raw /grunt
149 verbose url resolving [ 'https://registry.npmjs.org/', './grunt' ]
150 verbose url resolved https://registry.npmjs.org/grunt
151 verbose request where is https://registry.npmjs.org/grunt
152 info trying registry request attempt 1 at 11:09:21
153 verbose etag "CF40NI9IBX3OIZVXGE0YF3409"
154 http GET https://registry.npmjs.org/grunt
155 verbose request where is /grunt-exec
156 verbose request registry https://registry.npmjs.org/
157 verbose url raw /grunt-exec
158 verbose url resolving [ 'https://registry.npmjs.org/', './grunt-exec' ]
159 verbose url resolved https://registry.npmjs.org/grunt-exec
160 verbose request where is https://registry.npmjs.org/grunt-exec
161 info trying registry request attempt 1 at 11:09:21
162 verbose etag "3ERO3PGOPLS3YK1WH72HSX47T"
163 http GET https://registry.npmjs.org/grunt-exec
164 verbose request where is /grunt-contrib-copy
165 verbose request registry https://registry.npmjs.org/
166 verbose url raw /grunt-contrib-copy
167 verbose url resolving [ 'https://registry.npmjs.org/', './grunt-contrib-copy' ]
168 verbose url resolved https://registry.npmjs.org/grunt-contrib-copy
169 verbose request where is https://registry.npmjs.org/grunt-contrib-copy
170 info trying registry request attempt 1 at 11:09:21
171 verbose etag "9PDJJHXPU1YWRNBUV4C9WFZV7"
172 http GET https://registry.npmjs.org/grunt-contrib-copy
173 verbose request where is /grunt-contrib-compress
174 verbose request registry https://registry.npmjs.org/
175 verbose url raw /grunt-contrib-compress
176 verbose url resolving [ 'https://registry.npmjs.org/', './grunt-contrib-compress' ]
177 verbose url resolved https://registry.npmjs.org/grunt-contrib-compress
178 verbose request where is https://registry.npmjs.org/grunt-contrib-compress
179 info trying registry request attempt 1 at 11:09:21
180 verbose etag "5RZ9KQM0WEXVR7LUJHVTV6YD7"
181 http GET https://registry.npmjs.org/grunt-contrib-compress
182 http 304 https://registry.npmjs.org/fs
183 silly registry.get cb [ 304,
183 silly registry.get   { date: 'Mon, 23 Feb 2015 06:09:18 GMT',
183 silly registry.get     server: 'Apache',
183 silly registry.get     via: '1.1 varnish',
183 silly registry.get     'last-modified': 'Mon, 23 Feb 2015 06:09:18 GMT',
183 silly registry.get     'cache-control': 'max-age=60',
183 silly registry.get     etag: '"AK2S2YF9S50J227DAKLPQ9TIZ"',
183 silly registry.get     age: '47',
183 silly registry.get     'x-served-by': 'cache-fra1250-FRA',
183 silly registry.get     'x-cache': 'HIT',
183 silly registry.get     'x-cache-hits': '1',
183 silly registry.get     'x-timer': 'S1424671758.379454,VS0,VE0',
183 silly registry.get     vary: 'Accept',
183 silly registry.get     'content-length': '0',
183 silly registry.get     'keep-alive': 'timeout=10, max=50',
183 silly registry.get     connection: 'Keep-Alive' } ]
184 verbose etag https://registry.npmjs.org/fs from cache
185 silly addNameRange number 2 { name: 'fs', range: '=0.0.2', hasData: true }
186 silly addNameRange versions [ 'fs', [ '0.0.0', '0.0.2' ] ]
187 verbose addNamed [ 'fs', '0.0.2' ]
188 verbose addNamed [ '0.0.2', '0.0.2' ]
189 silly lockFile afea0479-fs-0-0-2 fs@0.0.2
190 verbose lock fs@0.0.2 C:\Users\Anton\AppData\Roaming\npm-cache\afea0479-fs-0-0-2.lock
191 http 304 https://registry.npmjs.org/grunt-json-format
192 silly registry.get cb [ 304,
192 silly registry.get   { date: 'Mon, 23 Feb 2015 06:09:18 GMT',
192 silly registry.get     server: 'Apache',
192 silly registry.get     via: '1.1 varnish',
192 silly registry.get     'last-modified': 'Mon, 23 Feb 2015 06:09:18 GMT',
192 silly registry.get     'cache-control': 'max-age=60',
192 silly registry.get     etag: '"2D0BPTW6IQCY4BODHETJUX7XJ"',
192 silly registry.get     age: '33',
192 silly registry.get     'x-served-by': 'cache-fra1221-FRA',
192 silly registry.get     'x-cache': 'HIT',
192 silly registry.get     'x-cache-hits': '1',
192 silly registry.get     'x-timer': 'S1424671758.389585,VS0,VE0',
192 silly registry.get     vary: 'Accept',
192 silly registry.get     'content-length': '0',
192 silly registry.get     'keep-alive': 'timeout=10, max=50',
192 silly registry.get     connection: 'Keep-Alive' } ]
193 verbose etag https://registry.npmjs.org/grunt-json-format from cache
194 silly lockFile afea0479-fs-0-0-2 fs@0.0.2
195 silly lockFile afea0479-fs-0-0-2 fs@0.0.2
196 silly addNameRange number 2 { name: 'grunt-json-format',
196 silly addNameRange   range: '>=1.0.0-0 <2.0.0-0',
196 silly addNameRange   hasData: true }
197 silly addNameRange versions [ 'grunt-json-format', [ '0.1.0', '0.1.1', '1.0.0', '1.0.1' ] ]
198 verbose addNamed [ 'grunt-json-format', '1.0.1' ]
199 verbose addNamed [ '1.0.1', '1.0.1' ]
200 silly lockFile 864f1bb2-grunt-json-format-1-0-1 grunt-json-format@1.0.1
201 verbose lock grunt-json-format@1.0.1 C:\Users\Anton\AppData\Roaming\npm-cache\864f1bb2-grunt-json-format-1-0-1.lock
202 silly lockFile 04e1dee2-fs-0-0-2 fs@^0.0.2
203 silly lockFile 04e1dee2-fs-0-0-2 fs@^0.0.2
204 silly lockFile 864f1bb2-grunt-json-format-1-0-1 grunt-json-format@1.0.1
205 silly lockFile 864f1bb2-grunt-json-format-1-0-1 grunt-json-format@1.0.1
206 silly lockFile e23a8fa7-grunt-json-format-1-0-0 grunt-json-format@^1.0.0
207 silly lockFile e23a8fa7-grunt-json-format-1-0-0 grunt-json-format@^1.0.0
208 http 304 https://registry.npmjs.org/unzip
209 silly registry.get cb [ 304,
209 silly registry.get   { date: 'Mon, 23 Feb 2015 06:09:18 GMT',
209 silly registry.get     server: 'Apache',
209 silly registry.get     via: '1.1 varnish',
209 silly registry.get     'last-modified': 'Mon, 23 Feb 2015 06:09:18 GMT',
209 silly registry.get     'cache-control': 'max-age=60',
209 silly registry.get     etag: '"CSCCF6TAJCT2EHV1YVPC00PDB"',
209 silly registry.get     age: '0',
209 silly registry.get     'x-served-by': 'cache-ams4121-AMS',
209 silly registry.get     'x-cache': 'HIT',
209 silly registry.get     'x-cache-hits': '1',
209 silly registry.get     'x-timer': 'S1424671758.339469,VS0,VE90',
209 silly registry.get     vary: 'Accept',
209 silly registry.get     'content-length': '0',
209 silly registry.get     'keep-alive': 'timeout=10, max=50',
209 silly registry.get     connection: 'Keep-Alive' } ]
210 verbose etag https://registry.npmjs.org/unzip from cache
211 silly addNameRange number 2 { name: 'unzip', range: '>=0.1.11-0 <0.2.0-0', hasData: true }
212 silly addNameRange versions [ 'unzip',
212 silly addNameRange   [ '0.0.1',
212 silly addNameRange     '0.0.2',
212 silly addNameRange     '0.0.3',
212 silly addNameRange     '0.0.4',
212 silly addNameRange     '0.1.0',
212 silly addNameRange     '0.1.1',
212 silly addNameRange     '0.1.2',
212 silly addNameRange     '0.1.3',
212 silly addNameRange     '0.1.4',
212 silly addNameRange     '0.1.5',
212 silly addNameRange     '0.1.6-alpha',
212 silly addNameRange     '0.1.6',
212 silly addNameRange     '0.1.7',
212 silly addNameRange     '0.1.8',
212 silly addNameRange     '0.1.9',
212 silly addNameRange     '0.1.10',
212 silly addNameRange     '0.1.11' ] ]
213 verbose addNamed [ 'unzip', '0.1.11' ]
214 verbose addNamed [ '0.1.11', '0.1.11' ]
215 silly lockFile 51b72558-unzip-0-1-11 unzip@0.1.11
216 verbose lock unzip@0.1.11 C:\Users\Anton\AppData\Roaming\npm-cache\51b72558-unzip-0-1-11.lock
217 silly lockFile 51b72558-unzip-0-1-11 unzip@0.1.11
218 silly lockFile 51b72558-unzip-0-1-11 unzip@0.1.11
219 silly lockFile 2a2f08c6-unzip-0-1-11 unzip@^0.1.11
220 silly lockFile 2a2f08c6-unzip-0-1-11 unzip@^0.1.11
221 http 304 https://registry.npmjs.org/grunt-exec
222 silly registry.get cb [ 304,
222 silly registry.get   { date: 'Mon, 23 Feb 2015 06:09:18 GMT',
222 silly registry.get     server: 'Apache',
222 silly registry.get     via: '1.1 varnish',
222 silly registry.get     'last-modified': 'Mon, 23 Feb 2015 06:09:18 GMT',
222 silly registry.get     'cache-control': 'max-age=60',
222 silly registry.get     etag: '"3ERO3PGOPLS3YK1WH72HSX47T"',
222 silly registry.get     age: '32',
222 silly registry.get     'x-served-by': 'cache-fra1221-FRA',
222 silly registry.get     'x-cache': 'HIT',
222 silly registry.get     'x-cache-hits': '1',
222 silly registry.get     'x-timer': 'S1424671758.470516,VS0,VE0',
222 silly registry.get     vary: 'Accept',
222 silly registry.get     'content-length': '0',
222 silly registry.get     'keep-alive': 'timeout=10, max=49',
222 silly registry.get     connection: 'Keep-Alive' } ]
223 verbose etag https://registry.npmjs.org/grunt-exec from cache
224 silly addNameRange number 2 { name: 'grunt-exec',
224 silly addNameRange   range: '>=0.4.6-0 <0.5.0-0',
224 silly addNameRange   hasData: true }
225 silly addNameRange versions [ 'grunt-exec',
225 silly addNameRange   [ '0.1.0',
225 silly addNameRange     '0.1.1',
225 silly addNameRange     '0.2.0',
225 silly addNameRange     '0.2.1',
225 silly addNameRange     '0.3.0',
225 silly addNameRange     '0.4.0',
225 silly addNameRange     '0.4.1',
225 silly addNameRange     '0.4.2',
225 silly addNameRange     '0.4.0-rc1',
225 silly addNameRange     '0.4.5',
225 silly addNameRange     '0.4.3',
225 silly addNameRange     '0.4.6' ] ]
226 verbose addNamed [ 'grunt-exec', '0.4.6' ]
227 verbose addNamed [ '0.4.6', '0.4.6' ]
228 silly lockFile 523a51da-grunt-exec-0-4-6 grunt-exec@0.4.6
229 verbose lock grunt-exec@0.4.6 C:\Users\Anton\AppData\Roaming\npm-cache\523a51da-grunt-exec-0-4-6.lock
230 silly lockFile 523a51da-grunt-exec-0-4-6 grunt-exec@0.4.6
231 silly lockFile 523a51da-grunt-exec-0-4-6 grunt-exec@0.4.6
232 silly lockFile 90cf71c1-grunt-exec-0-4-6 grunt-exec@^0.4.6
233 silly lockFile 90cf71c1-grunt-exec-0-4-6 grunt-exec@^0.4.6
234 http 304 https://registry.npmjs.org/grunt-contrib-clean
235 silly registry.get cb [ 304,
235 silly registry.get   { date: 'Mon, 23 Feb 2015 06:09:18 GMT',
235 silly registry.get     server: 'Apache',
235 silly registry.get     via: '1.1 varnish',
235 silly registry.get     'last-modified': 'Mon, 23 Feb 2015 06:09:18 GMT',
235 silly registry.get     'cache-control': 'max-age=60',
235 silly registry.get     etag: '"3ISDSZB4M4MDDWP3Z8MFDIG96"',
235 silly registry.get     age: '0',
235 silly registry.get     'x-served-by': 'cache-fra1225-FRA',
235 silly registry.get     'x-cache': 'HIT',
235 silly registry.get     'x-cache-hits': '1',
235 silly registry.get     'x-timer': 'S1424671758.384872,VS0,VE99',
235 silly registry.get     vary: 'Accept',
235 silly registry.get     'content-length': '0',
235 silly registry.get     'keep-alive': 'timeout=10, max=50',
235 silly registry.get     connection: 'Keep-Alive' } ]
236 verbose etag https://registry.npmjs.org/grunt-contrib-clean from cache
237 silly lockFile 7fb55f75-grunt-contrib-clean-6-0 grunt-contrib-clean@^.6.0
238 silly lockFile 7fb55f75-grunt-contrib-clean-6-0 grunt-contrib-clean@^.6.0
239 http 304 https://registry.npmjs.org/grunt-contrib-copy
240 silly registry.get cb [ 304,
240 silly registry.get   { date: 'Mon, 23 Feb 2015 06:09:18 GMT',
240 silly registry.get     server: 'Apache',
240 silly registry.get     via: '1.1 varnish',
240 silly registry.get     'last-modified': 'Mon, 23 Feb 2015 06:09:14 GMT',
240 silly registry.get     'cache-control': 'max-age=60',
240 silly registry.get     etag: '"9PDJJHXPU1YWRNBUV4C9WFZV7"',
240 silly registry.get     age: '4',
240 silly registry.get     'x-served-by': 'cache-ams4121-AMS',
240 silly registry.get     'x-cache': 'HIT',
240 silly registry.get     'x-cache-hits': '2',
240 silly registry.get     'x-timer': 'S1424671758.495083,VS0,VE0',
240 silly registry.get     vary: 'Accept',
240 silly registry.get     'content-length': '0',
240 silly registry.get     'keep-alive': 'timeout=10, max=49',
240 silly registry.get     connection: 'Keep-Alive' } ]
241 verbose etag https://registry.npmjs.org/grunt-contrib-copy from cache
242 silly addNameRange number 2 { name: 'grunt-contrib-copy',
242 silly addNameRange   range: '>=0.7.0-0 <0.8.0-0',
242 silly addNameRange   hasData: true }
243 silly addNameRange versions [ 'grunt-contrib-copy',
243 silly addNameRange   [ '0.2.0',
243 silly addNameRange     '0.2.1',
243 silly addNameRange     '0.2.2',
243 silly addNameRange     '0.2.3',
243 silly addNameRange     '0.2.4',
243 silly addNameRange     '0.3.0',
243 silly addNameRange     '0.3.1',
243 silly addNameRange     '0.3.2',
243 silly addNameRange     '0.4.0',
243 silly addNameRange     '0.4.1',
243 silly addNameRange     '0.5.0',
243 silly addNameRange     '0.6.0',
243 silly addNameRange     '0.7.0',
243 silly addNameRange     '0.8.0',
243 silly addNameRange     '0.4.0-rc7' ] ]
244 verbose addNamed [ 'grunt-contrib-copy', '0.7.0' ]
245 verbose addNamed [ '0.7.0', '0.7.0' ]
246 silly lockFile 4a53bbfa-grunt-contrib-copy-0-7-0 grunt-contrib-copy@0.7.0
247 verbose lock grunt-contrib-copy@0.7.0 C:\Users\Anton\AppData\Roaming\npm-cache\4a53bbfa-grunt-contrib-copy-0-7-0.lock
248 silly lockFile 4a53bbfa-grunt-contrib-copy-0-7-0 grunt-contrib-copy@0.7.0
249 silly lockFile 4a53bbfa-grunt-contrib-copy-0-7-0 grunt-contrib-copy@0.7.0
250 silly lockFile 359d66a1-grunt-contrib-copy-0-7-0 grunt-contrib-copy@^0.7.0
251 silly lockFile 359d66a1-grunt-contrib-copy-0-7-0 grunt-contrib-copy@^0.7.0
252 http 304 https://registry.npmjs.org/crypto
253 silly registry.get cb [ 304,
253 silly registry.get   { date: 'Mon, 23 Feb 2015 06:09:18 GMT',
253 silly registry.get     server: 'Apache',
253 silly registry.get     via: '1.1 varnish',
253 silly registry.get     'last-modified': 'Mon, 23 Feb 2015 06:09:18 GMT',
253 silly registry.get     'cache-control': 'max-age=60',
253 silly registry.get     etag: '"1UUTFYXT9ZDYNTOJ5LLD14V8I"',
253 silly registry.get     age: '0',
253 silly registry.get     'x-served-by': 'cache-ams4146-AMS',
253 silly registry.get     'x-cache': 'MISS',
253 silly registry.get     'x-cache-hits': '0',
253 silly registry.get     'x-timer': 'S1424671758.376250,VS0,VE154',
253 silly registry.get     vary: 'Accept',
253 silly registry.get     'content-length': '0',
253 silly registry.get     'keep-alive': 'timeout=10, max=50',
253 silly registry.get     connection: 'Keep-Alive' } ]
254 verbose etag https://registry.npmjs.org/crypto from cache
255 silly addNameRange number 2 { name: 'crypto', range: '=0.0.3', hasData: true }
256 silly addNameRange versions [ 'crypto', [ '0.0.1', '0.0.3' ] ]
257 verbose addNamed [ 'crypto', '0.0.3' ]
258 verbose addNamed [ '0.0.3', '0.0.3' ]
259 silly lockFile 4d0ed277-crypto-0-0-3 crypto@0.0.3
260 verbose lock crypto@0.0.3 C:\Users\Anton\AppData\Roaming\npm-cache\4d0ed277-crypto-0-0-3.lock
261 silly lockFile 4d0ed277-crypto-0-0-3 crypto@0.0.3
262 silly lockFile 4d0ed277-crypto-0-0-3 crypto@0.0.3
263 silly lockFile 67841cdc-crypto-0-0-3 crypto@^0.0.3
264 silly lockFile 67841cdc-crypto-0-0-3 crypto@^0.0.3
265 http 304 https://registry.npmjs.org/grunt
266 silly registry.get cb [ 304,
266 silly registry.get   { date: 'Mon, 23 Feb 2015 06:09:18 GMT',
266 silly registry.get     server: 'Apache',
266 silly registry.get     via: '1.1 varnish',
266 silly registry.get     'last-modified': 'Mon, 23 Feb 2015 06:09:19 GMT',
266 silly registry.get     'cache-control': 'max-age=60',
266 silly registry.get     etag: '"CF40NI9IBX3OIZVXGE0YF3409"',
266 silly registry.get     age: '0',
266 silly registry.get     'x-served-by': 'cache-fra1250-FRA',
266 silly registry.get     'x-cache': 'HIT',
266 silly registry.get     'x-cache-hits': '1',
266 silly registry.get     'x-timer': 'S1424671758.450053,VS0,VE697',
266 silly registry.get     vary: 'Accept',
266 silly registry.get     'content-length': '0',
266 silly registry.get     'keep-alive': 'timeout=10, max=49',
266 silly registry.get     connection: 'Keep-Alive' } ]
267 verbose etag https://registry.npmjs.org/grunt from cache
268 silly addNameRange number 2 { name: 'grunt', range: '>=0.4.5', hasData: true }
269 silly addNameRange versions [ 'grunt',
269 silly addNameRange   [ '0.1.0',
269 silly addNameRange     '0.1.1',
269 silly addNameRange     '0.1.2',
269 silly addNameRange     '0.2.0',
269 silly addNameRange     '0.2.1',
269 silly addNameRange     '0.2.2',
269 silly addNameRange     '0.2.3',
269 silly addNameRange     '0.2.4',
269 silly addNameRange     '0.2.5',
269 silly addNameRange     '0.2.6',
269 silly addNameRange     '0.2.7',
269 silly addNameRange     '0.2.8',
269 silly addNameRange     '0.2.9',
269 silly addNameRange     '0.2.10',
269 silly addNameRange     '0.2.11',
269 silly addNameRange     '0.2.12',
269 silly addNameRange     '0.2.13',
269 silly addNameRange     '0.2.14',
269 silly addNameRange     '0.2.15',
269 silly addNameRange     '0.3.0',
269 silly addNameRange     '0.3.1',
269 silly addNameRange     '0.3.2',
269 silly addNameRange     '0.3.3',
269 silly addNameRange     '0.3.4',
269 silly addNameRange     '0.3.5',
269 silly addNameRange     '0.3.6',
269 silly addNameRange     '0.3.7',
269 silly addNameRange     '0.3.8',
269 silly addNameRange     '0.3.9',
269 silly addNameRange     '0.3.10',
269 silly addNameRange     '0.3.11',
269 silly addNameRange     '0.3.12',
269 silly addNameRange     '0.3.13',
269 silly addNameRange     '0.3.14',
269 silly addNameRange     '0.3.15',
269 silly addNameRange     '0.3.16',
269 silly addNameRange     '0.3.17',
269 silly addNameRange     '0.4.0',
269 silly addNameRange     '0.4.1',
269 silly addNameRange     '0.4.2',
269 silly addNameRange     '0.4.3',
269 silly addNameRange     '0.4.4',
269 silly addNameRange     '0.4.5',
269 silly addNameRange     '0.3.13-a',
269 silly addNameRange     '0.4.0-a',
269 silly addNameRange     '0.4.0-rc1',
269 silly addNameRange     '0.4.0-rc2',
269 silly addNameRange     '0.4.0-rc3',
269 silly addNameRange     '0.4.0-rc4',
269 silly addNameRange     '0.4.0-rc5',
269 silly addNameRange     '0.4.0-rc6',
269 silly addNameRange     '0.4.0-rc7',
269 silly addNameRange     '0.4.0-rc8' ] ]
270 verbose addNamed [ 'grunt', '0.4.5' ]
271 verbose addNamed [ '0.4.5', '0.4.5' ]
272 silly lockFile 81abf7ad-grunt-0-4-5 grunt@0.4.5
273 verbose lock grunt@0.4.5 C:\Users\Anton\AppData\Roaming\npm-cache\81abf7ad-grunt-0-4-5.lock
274 silly lockFile 81abf7ad-grunt-0-4-5 grunt@0.4.5
275 silly lockFile 81abf7ad-grunt-0-4-5 grunt@0.4.5
276 silly lockFile 21ed778b-grunt-0-4-5 grunt@>=0.4.5
277 silly lockFile 21ed778b-grunt-0-4-5 grunt@>=0.4.5
278 http 304 https://registry.npmjs.org/grunt-contrib-compress
279 silly registry.get cb [ 304,
279 silly registry.get   { date: 'Mon, 23 Feb 2015 06:09:18 GMT',
279 silly registry.get     server: 'Apache',
279 silly registry.get     via: '1.1 varnish',
279 silly registry.get     'last-modified': 'Mon, 23 Feb 2015 06:09:19 GMT',
279 silly registry.get     'cache-control': 'max-age=60',
279 silly registry.get     etag: '"5RZ9KQM0WEXVR7LUJHVTV6YD7"',
279 silly registry.get     age: '0',
279 silly registry.get     'x-served-by': 'cache-fra1221-FRA',
279 silly registry.get     'x-cache': 'HIT',
279 silly registry.get     'x-cache-hits': '1',
279 silly registry.get     'x-timer': 'S1424671758.539088,VS0,VE709',
279 silly registry.get     vary: 'Accept',
279 silly registry.get     'content-length': '0',
279 silly registry.get     'keep-alive': 'timeout=10, max=48',
279 silly registry.get     connection: 'Keep-Alive' } ]
280 verbose etag https://registry.npmjs.org/grunt-contrib-compress from cache
281 silly addNameRange number 2 { name: 'grunt-contrib-compress',
281 silly addNameRange   range: '>=0.13.0-0 <0.14.0-0',
281 silly addNameRange   hasData: true }
282 silly addNameRange versions [ 'grunt-contrib-compress',
282 silly addNameRange   [ '0.2.0',
282 silly addNameRange     '0.2.1',
282 silly addNameRange     '0.2.2',
282 silly addNameRange     '0.3.0',
282 silly addNameRange     '0.3.1',
282 silly addNameRange     '0.3.2',
282 silly addNameRange     '0.3.3',
282 silly addNameRange     '0.4.0',
282 silly addNameRange     '0.4.1',
282 silly addNameRange     '0.4.2',
282 silly addNameRange     '0.4.3',
282 silly addNameRange     '0.4.4',
282 silly addNameRange     '0.4.5',
282 silly addNameRange     '0.4.6',
282 silly addNameRange     '0.4.7',
282 silly addNameRange     '0.4.8',
282 silly addNameRange     '0.4.9',
282 silly addNameRange     '0.4.10',
282 silly addNameRange     '0.5.0',
282 silly addNameRange     '0.5.1',
282 silly addNameRange     '0.5.2',
282 silly addNameRange     '0.5.3',
282 silly addNameRange     '0.6.0',
282 silly addNameRange     '0.4.0-rc7',
282 silly addNameRange     '0.6.1',
282 silly addNameRange     '0.7.0',
282 silly addNameRange     '0.8.0',
282 silly addNameRange     '0.9.0',
282 silly addNameRange     '0.9.1',
282 silly addNameRange     '0.10.0',
282 silly addNameRange     '0.11.0',
282 silly addNameRange     '0.12.0',
282 silly addNameRange     '0.13.0' ] ]
283 verbose addNamed [ 'grunt-contrib-compress', '0.13.0' ]
284 verbose addNamed [ '0.13.0', '0.13.0' ]
285 silly lockFile 7a54acd8-grunt-contrib-compress-0-13-0 grunt-contrib-compress@0.13.0
286 verbose lock grunt-contrib-compress@0.13.0 C:\Users\Anton\AppData\Roaming\npm-cache\7a54acd8-grunt-contrib-compress-0-13-0.lock
287 silly lockFile 7a54acd8-grunt-contrib-compress-0-13-0 grunt-contrib-compress@0.13.0
288 silly lockFile 7a54acd8-grunt-contrib-compress-0-13-0 grunt-contrib-compress@0.13.0
289 silly lockFile b45d4220-grunt-contrib-compress-0-13-0 grunt-contrib-compress@^0.13.0
290 silly lockFile b45d4220-grunt-contrib-compress-0-13-0 grunt-contrib-compress@^0.13.0
291 error notarget No compatible version found: grunt-contrib-clean@'^.6.0'
291 error notarget Valid install targets:
291 error notarget ["0.1.0","0.2.0","0.3.0","0.3.1","0.3.2","0.4.0","0.4.1","0.5.0","0.6.0","0.4.0-a","0.4.0-rc5","0.4.0-rc6"]
291 error notarget
291 error notarget This is most likely not a problem with npm itself.
291 error notarget In most cases you or one of your dependencies are requesting
291 error notarget a package version that doesn't exist.
292 error System Windows_NT 6.1.7601
293 error command "C:\\Program Files (x86)\\nodejs\\\\node.exe" "C:\\Program Files (x86)\\nodejs\\node_modules\\npm\\bin\\npm-cli.js" "install"
294 error cwd C:\Users\Anton\Documents\GitHub\tSearch\src
295 error node -v v0.10.33
296 error npm -v 1.4.28
297 error code ETARGET
298 verbose exit [ 1, true ]
